01:41:44,494 INFO  [org.jboss.modules] JBoss Modules version 1.1.3.GA
01:41:44,826 INFO  [org.jboss.msc] JBoss MSC version 1.0.2.GA
01:41:44,914 INFO  [org.jboss.as] JBAS015899: JBoss AS 7.1.3.Final "Arges" starting
01:41:44,927 DEBUG [org.jboss.as.config] Configured system properties:
	[Standalone] = 
	awt.toolkit = sun.awt.X11.XToolkit
	file.encoding = UTF-8
	file.encoding.pkg = sun.io
	file.separator = /
	java.awt.graphicsenv = sun.awt.X11GraphicsEnvironment
	java.awt.headless = true
	java.awt.printerjob = sun.print.PSPrinterJob
	java.class.path = /home/barni/code/ba_zajzon/source/mobicents/mss-3.0.0-SNAPSHOT-jboss-as-7.1.3.Final/jboss-modules.jar
	java.class.version = 51.0
	java.endorsed.dirs = /usr/lib/jvm/java-7-openjdk-amd64/jre/lib/endorsed
	java.ext.dirs = /usr/lib/jvm/java-7-openjdk-amd64/jre/lib/ext:/usr/java/packages/lib/ext
	java.home = /usr/lib/jvm/java-7-openjdk-amd64/jre
	java.io.tmpdir = /tmp
	java.library.path = /usr/java/packages/lib/amd64:/usr/lib/x86_64-linux-gnu/jni:/lib/x86_64-linux-gnu:/usr/lib/x86_64-linux-gnu:/usr/lib/jni:/lib:/usr/lib
	java.net.preferIPv4Stack = true
	java.runtime.name = OpenJDK Runtime Environment
	java.runtime.version = 1.7.0_51-b00
	java.specification.name = Java Platform API Specification
	java.specification.vendor = Oracle Corporation
	java.specification.version = 1.7
	java.util.logging.manager = org.jboss.logmanager.LogManager
	java.vendor = Oracle Corporation
	java.vendor.url = http://java.oracle.com/
	java.vendor.url.bug = http://bugreport.sun.com/bugreport/
	java.version = 1.7.0_51
	java.vm.info = mixed mode
	java.vm.name = OpenJDK 64-Bit Server VM
	java.vm.specification.name = Java Virtual Machine Specification
	java.vm.specification.vendor = Oracle Corporation
	java.vm.specification.version = 1.7
	java.vm.vendor = Oracle Corporation
	java.vm.version = 24.45-b08
	javax.management.builder.initial = org.jboss.as.jmx.PluggableMBeanServerBuilder
	javax.xml.datatype.DatatypeFactory = __redirected.__DatatypeFactory
	javax.xml.parsers.DocumentBuilderFactory = __redirected.__DocumentBuilderFactory
	javax.xml.parsers.SAXParserFactory = __redirected.__SAXParserFactory
	javax.xml.stream.XMLEventFactory = __redirected.__XMLEventFactory
	javax.xml.stream.XMLInputFactory = __redirected.__XMLInputFactory
	javax.xml.stream.XMLOutputFactory = __redirected.__XMLOutputFactory
	javax.xml.transform.TransformerFactory = __redirected.__TransformerFactory
	javax.xml.validation.SchemaFactory:http://www.w3.org/2001/XMLSchema = __redirected.__SchemaFactory
	javax.xml.xpath.XPathFactory:http://java.sun.com/jaxp/xpath/dom = __redirected.__XPathFactory
	jboss.home.dir = /home/barni/code/ba_zajzon/source/mobicents/mss-3.0.0-SNAPSHOT-jboss-as-7.1.3.Final
	jboss.host.name = zajzi
	jboss.modules.dir = /home/barni/code/ba_zajzon/source/mobicents/mss-3.0.0-SNAPSHOT-jboss-as-7.1.3.Final/modules
	jboss.modules.system.pkgs = org.jboss.byteman
	jboss.node.name = zajzi
	jboss.qualified.host.name = zajzi
	jboss.server.base.dir = /home/barni/code/ba_zajzon/source/mobicents/mss-3.0.0-SNAPSHOT-jboss-as-7.1.3.Final/standalone
	jboss.server.config.dir = /home/barni/code/ba_zajzon/source/mobicents/mss-3.0.0-SNAPSHOT-jboss-as-7.1.3.Final/standalone/configuration
	jboss.server.data.dir = /home/barni/code/ba_zajzon/source/mobicents/mss-3.0.0-SNAPSHOT-jboss-as-7.1.3.Final/standalone/data
	jboss.server.default.config = standalone.xml
	jboss.server.deploy.dir = /home/barni/code/ba_zajzon/source/mobicents/mss-3.0.0-SNAPSHOT-jboss-as-7.1.3.Final/standalone/data/content
	jboss.server.log.dir = /home/barni/code/ba_zajzon/source/mobicents/mss-3.0.0-SNAPSHOT-jboss-as-7.1.3.Final/standalone/log
	jboss.server.name = zajzi
	jboss.server.temp.dir = /home/barni/code/ba_zajzon/source/mobicents/mss-3.0.0-SNAPSHOT-jboss-as-7.1.3.Final/standalone/tmp
	line.separator = 

	logging.configuration = file:/home/barni/code/ba_zajzon/source/mobicents/mss-3.0.0-SNAPSHOT-jboss-as-7.1.3.Final/standalone/configuration/logging.properties
	module.path = /home/barni/code/ba_zajzon/source/mobicents/mss-3.0.0-SNAPSHOT-jboss-as-7.1.3.Final/modules
	org.jboss.boot.log.file = /home/barni/code/ba_zajzon/source/mobicents/mss-3.0.0-SNAPSHOT-jboss-as-7.1.3.Final/standalone/log/boot.log
	org.jboss.resolver.warning = true
	org.xml.sax.driver = __redirected.__XMLReaderFactory
	os.arch = amd64
	os.name = Linux
	os.version = 3.8.0-35-generic
	path.separator = :
	sun.arch.data.model = 64
	sun.boot.class.path = /usr/lib/jvm/java-7-openjdk-amd64/jre/lib/resources.jar:/usr/lib/jvm/java-7-openjdk-amd64/jre/lib/rt.jar:/usr/lib/jvm/java-7-openjdk-amd64/jre/lib/sunrsasign.jar:/usr/lib/jvm/java-7-openjdk-amd64/jre/lib/jsse.jar:/usr/lib/jvm/java-7-openjdk-amd64/jre/lib/jce.jar:/usr/lib/jvm/java-7-openjdk-amd64/jre/lib/charsets.jar:/usr/lib/jvm/java-7-openjdk-amd64/jre/lib/netx.jar:/usr/lib/jvm/java-7-openjdk-amd64/jre/lib/plugin.jar:/usr/lib/jvm/java-7-openjdk-amd64/jre/lib/rhino.jar:/usr/lib/jvm/java-7-openjdk-amd64/jre/lib/jfr.jar:/usr/lib/jvm/java-7-openjdk-amd64/jre/classes
	sun.boot.library.path = /usr/lib/jvm/java-7-openjdk-amd64/jre/lib/amd64
	sun.cpu.endian = little
	sun.cpu.isalist = 
	sun.desktop = gnome
	sun.io.unicode.encoding = UnicodeLittle
	sun.java.command = /home/barni/code/ba_zajzon/source/mobicents/mss-3.0.0-SNAPSHOT-jboss-as-7.1.3.Final/jboss-modules.jar -mp /home/barni/code/ba_zajzon/source/mobicents/mss-3.0.0-SNAPSHOT-jboss-as-7.1.3.Final/modules -jaxpmodule javax.xml.jaxp-provider org.jboss.as.standalone -Djboss.home.dir=/home/barni/code/ba_zajzon/source/mobicents/mss-3.0.0-SNAPSHOT-jboss-as-7.1.3.Final -Djboss.server.base.dir=/home/barni/code/ba_zajzon/source/mobicents/mss-3.0.0-SNAPSHOT-jboss-as-7.1.3.Final/standalone -c standalone-sip.xml
	sun.java.launcher = SUN_STANDARD
	sun.jnu.encoding = UTF-8
	sun.management.compiler = HotSpot 64-Bit Tiered Compilers
	sun.os.patch.level = unknown
	sun.rmi.dgc.client.gcInterval = 3600000
	sun.rmi.dgc.server.gcInterval = 3600000
	user.country = US
	user.dir = /home/barni/code/ba_zajzon/source/mobicents/mss-3.0.0-SNAPSHOT-jboss-as-7.1.3.Final
	user.home = /home/barni
	user.language = en
	user.name = barni
	user.timezone = Europe/Berlin
01:41:44,930 DEBUG [org.jboss.as.config] VM Arguments: -D[Standalone] -XX:+UseCompressedOops -Xms64m -Xmx512m -XX:MaxPermSize=256m -Djava.net.preferIPv4Stack=true -Dorg.jboss.resolver.warning=true -Dsun.rmi.dgc.client.gcInterval=3600000 -Dsun.rmi.dgc.server.gcInterval=3600000 -Djboss.modules.system.pkgs=org.jboss.byteman -Djava.awt.headless=true -Djboss.server.default.config=standalone.xml -Dorg.jboss.boot.log.file=/home/barni/code/ba_zajzon/source/mobicents/mss-3.0.0-SNAPSHOT-jboss-as-7.1.3.Final/standalone/log/boot.log -Dlogging.configuration=file:/home/barni/code/ba_zajzon/source/mobicents/mss-3.0.0-SNAPSHOT-jboss-as-7.1.3.Final/standalone/configuration/logging.properties 
01:41:46,282 INFO  [org.xnio] XNIO Version 3.0.6.GA
01:41:46,285 INFO  [org.jboss.as.server] JBAS015888: Creating http management service using socket-binding (management-http)
01:41:46,291 INFO  [org.xnio.nio] XNIO NIO Implementation Version 3.0.6.GA
01:41:46,301 INFO  [org.jboss.remoting] JBoss Remoting version 3.2.8.SP1
01:41:46,333 INFO  [org.jboss.as.logging] JBAS011502: Removing bootstrap log handlers
01:42:16,910 INFO  [org.jboss.as.logging] JBAS011503: Restored bootstrap log handlers
01:42:16,912 INFO  [org.jboss.as.osgi] JBAS011908: Unregister module: Module "deployment.click2call.war:main" from Service Module Loader
01:42:16,912 INFO  [org.jboss.as.osgi] JBAS011908: Unregister module: Module "deployment.sip-servlets-management.war:main" from Service Module Loader
01:42:16,930 WARN  [org.mobicents.servlet.sip.startup.SipStandardContext] number of active sip sessions : 0
01:42:16,931 INFO  [gov.nist.javax.sip.stack.NioTcpMessageProcessor] Selector is closed
01:42:16,932 WARN  [org.mobicents.servlet.sip.startup.SipStandardContext] number of active sip application sessions : 0
01:42:16,940 INFO  [gov.nist.javax.sip.stack.timers.DefaultSipTimer] the sip stack timer gov.nist.javax.sip.stack.timers.DefaultSipTimer has been stopped
01:42:16,962 INFO  [org.mobicents.servlet.sip.core.timers.TimerServiceImpl] Stopped timer service org.mobicents.servlet.sip.core.timers.TimerServiceImpl@65dafff1
01:42:16,965 INFO  [org.mobicents.servlet.sip.core.timers.TimerServiceImpl] Stopped timer service org.mobicents.servlet.sip.core.timers.TimerServiceImpl@9aab18a
01:42:16,980 INFO  [org.mobicents.servlet.sip.core.timers.TimerServiceImpl] Stopped timer service org.mobicents.servlet.sip.core.timers.TimerServiceImpl@609d1426
01:42:16,989 INFO  [com.arjuna.ats.jbossatx] ARJUNA032018: Destroying TransactionManagerService
01:42:16,990 INFO  [com.arjuna.ats.jbossatx] ARJUNA032014: Stopping transaction recovery manager
01:42:16,997 INFO  [org.jboss.as.server.deployment] JBAS015877: Stopped deployment sip-servlets-management.war in 166ms
01:42:17,007 INFO  [org.jboss.as.server.deployment] JBAS015877: Stopped deployment click2call.war in 162ms
01:42:17,015 INFO  [org.jboss.as.server.deployment] JBAS015877: Stopped deployment websockets-sip-servlet.war in 171ms
01:42:17,021 INFO  [org.jboss.as.server.deployment] JBAS015877: Stopped deployment jolokia.war in 195ms
01:42:17,030 INFO  [org.jboss.as.server.deployment] JBAS015877: Stopped deployment media-jsr309-servlet.war in 179ms
01:42:17,942 INFO  [gov.nist.javax.sip.stack.timers.DefaultSipTimer] the sip stack timer gov.nist.javax.sip.stack.timers.DefaultSipTimer has been stopped
01:42:18,948 INFO  [org.jboss.as] JBAS015950: JBoss AS 7.1.3.Final "Arges" stopped in 2097ms
